<?xml version="1.0" encoding="UTF-8"?>
<!-- Generated by org.testng.reporters.JUnitReportReporter -->
<testsuite hostname="LAPTOP-VM4BS85A" failures="0" tests="1" name="tests._09_CheckOutAndPayment" time="56.809" errors="0" timestamp="2024-11-11T16:26:31 IST" skipped="0">
  <testcase classname="tests._09_CheckOutAndPayment" name="checkOut" time="56.809"/>
</testsuite> <!-- tests._09_CheckOutAndPayment -->
