<?xml version="1.0" encoding="UTF-8"?>
<!-- Generated by org.testng.reporters.JUnitReportReporter -->
<testsuite hostname="LAPTOP-VM4BS85A" failures="0" tests="1" name="tests._05_ValidateBottom" time="12.378" errors="0" timestamp="2024-11-11T16:08:23 IST" skipped="0">
  <testcase classname="tests._05_ValidateBottom" name="bottomLinkTest" time="12.378"/>
</testsuite> <!-- tests._05_ValidateBottom -->
