<?xml version="1.0" encoding="UTF-8"?>
<!-- Generated by org.testng.reporters.JUnitReportReporter -->
<testsuite hostname="LAPTOP-VM4BS85A" failures="0" tests="1" name="tests._07_ShopByDepartment" time="18.190" errors="0" timestamp="2024-11-11T16:16:37 IST" skipped="0">
  <testcase classname="tests._07_ShopByDepartment" name="selectShopByDepartment" time="18.190"/>
</testsuite> <!-- tests._07_ShopByDepartment -->
