<?xml version="1.0" encoding="UTF-8"?>
<!-- Generated by org.testng.reporters.JUnitReportReporter -->
<testsuite hostname="LAPTOP-VM4BS85A" failures="0" tests="1" name="tests._06_SearchItemToCart" time="38.370" errors="0" timestamp="2024-11-11T16:13:05 IST" skipped="0">
  <testcase classname="tests._06_SearchItemToCart" name="searchAddToCart" time="38.370"/>
</testsuite> <!-- tests._06_SearchItemToCart -->
