<?xml version="1.0" encoding="UTF-8"?>
<!-- Generated by org.testng.reporters.JUnitReportReporter -->
<testsuite hostname="LAPTOP-VM4BS85A" failures="0" tests="1" name="tests._01_NavigateToBestBuy" time="0.827" errors="0" timestamp="2024-11-11T15:28:28 IST" skipped="0">
  <testcase classname="tests._01_NavigateToBestBuy" name="navigateToBestBuy" time="0.827"/>
</testsuite> <!-- tests._01_NavigateToBestBuy -->
