<?xml version="1.0" encoding="UTF-8"?>
<!-- Generated by org.testng.reporters.JUnitReportReporter -->
<testsuite hostname="LAPTOP-VM4BS85A" failures="0" tests="1" name="tests._02_ValiDateUrl" time="10.567" errors="0" timestamp="2024-11-11T15:36:37 IST" skipped="0">
  <testcase classname="tests._02_ValiDateUrl" name="validateURL" time="10.567"/>
</testsuite> <!-- tests._02_ValiDateUrl -->
