<?xml version="1.0" encoding="UTF-8"?>
<!-- Generated by org.testng.reporters.JUnitReportReporter -->
<testsuite hostname="LAPTOP-VM4BS85A" failures="0" tests="1" name="tests._08_ShopByBrand" time="33.155" errors="0" timestamp="2024-11-11T16:18:27 IST" skipped="0">
  <testcase classname="tests._08_ShopByBrand" name="selectShopByBrand" time="33.155"/>
</testsuite> <!-- tests._08_ShopByBrand -->
