<?xml version="1.0" encoding="UTF-8"?>
<!-- Generated by org.testng.reporters.JUnitReportReporter -->
<testsuite hostname="LAPTOP-VM4BS85A" failures="0" tests="1" name="tests.TestCase" time="57.215" errors="0" timestamp="2024-11-09T21:09:33 IST" skipped="0">
  <testcase classname="tests.TestCase" name="checkOut" time="57.215"/>
</testsuite> <!-- tests.TestCase -->
