<?xml version="1.0" encoding="UTF-8"?>
<!-- Generated by org.testng.reporters.JUnitReportReporter -->
<testsuite hostname="LAPTOP-VM4BS85A" failures="0" tests="2" name="tests.TestCase_1" time="17.620" errors="0" timestamp="2024-11-05T20:19:04 IST" skipped="0">
  <testcase classname="tests.TestCase_1" name="validateURL" time="14.405"/>
  <testcase classname="tests.TestCase_1" name="navigateToBestBuy" time="3.215"/>
</testsuite> <!-- tests.TestCase_1 -->
