<?xml version="1.0" encoding="UTF-8"?>
<!-- Generated by org.testng.reporters.JUnitReportReporter -->
<testsuite hostname="LAPTOP-VM4BS85A" failures="0" tests="1" name="tests._03_SignUpBestBuy" time="13.143" errors="0" timestamp="2024-11-11T15:48:47 IST" skipped="0">
  <testcase classname="tests._03_SignUpBestBuy" name="SignUp" time="13.143"/>
</testsuite> <!-- tests._03_SignUpBestBuy -->
